#
# There is insufficient memory for the Java Runtime Environment to continue.
# Native memory allocation (malloc) failed to allocate 4239536 bytes for Chunk::new
# Possible reasons:
#   The system is out of physical RAM or swap space
#   The process is running with CompressedOops enabled, and the Java Heap may be blocking the growth of the native heap
# Possible solutions:
#   Reduce memory load on the system
#   Increase physical memory or swap space
#   Check if swap backing store is full
#   Decrease Java heap size (-Xmx/-Xms)
#   Decrease number of Java threads
#   Decrease Java thread stack sizes (-Xss)
#   Set larger code cache with -XX:ReservedCodeCacheSize=
#   JVM is running with Unscaled Compressed Oops mode in which the Java heap is
#     placed in the first 4GB address space. The Java Heap base address is the
#     maximum limit for the native heap growth. Please use -XX:HeapBaseMinAddress
#     to set the Java Heap base and to place the Java Heap above 4GB virtual address.
# This output file may be truncated or incomplete.
#
#  Out of Memory Error (./open/src/hotspot/share/memory/arena.cpp:197), pid=33140, tid=39952
#
# JRE version: Java(TM) SE Runtime Environment 18.9 (11.0.9+7) (build 11.0.9+7-LTS)
# Java VM: Java HotSpot(TM) 64-Bit Server VM 18.9 (11.0.9+7-LTS, mixed mode, tiered, compressed oops, g1 gc, windows-amd64)
# No core dump will be written. Minidumps are not enabled by default on client versions of Windows
#

---------------  S U M M A R Y ------------

Command Line: -XX:MaxMetaspaceSize=256m -XX:+HeapDumpOnOutOfMemoryError --add-opens=java.base/java.util=ALL-UNNAMED --add-opens=java.base/java.lang=ALL-UNNAMED --add-opens=java.base/java.lang.invoke=ALL-UNNAMED --add-opens=java.base/java.util=ALL-UNNAMED --add-opens=java.prefs/java.util.prefs=ALL-UNNAMED --add-opens=java.prefs/java.util.prefs=ALL-UNNAMED --add-opens=java.base/java.nio.charset=ALL-UNNAMED --add-opens=java.base/java.net=ALL-UNNAMED --add-opens=java.base/java.util.concurrent.atomic=ALL-UNNAMED -Xms256m -Xmx512m -Dfile.encoding=UTF-8 -Duser.country=KR -Duser.language=ko -Duser.variant org.gradle.launcher.daemon.bootstrap.GradleDaemon 7.5.1

Host: Intel(R) Core(TM) i7-7700HQ CPU @ 2.80GHz, 8 cores, 7G,  Windows 10 , 64 bit Build 19041 (10.0.19041.2251)
Time: Tue Nov 29 02:35:03 2022 대한민국 표준시 elapsed time: 64.451765 seconds (0d 0h 1m 4s)

---------------  T H R E A D  ---------------

Current thread (0x00000171e08ba800):  JavaThread "C2 CompilerThread0" daemon [_thread_in_native, id=39952, stack(0x000000383af00000,0x000000383b000000)]


Current CompileTask:
C2:  64452 6322 %     4       org.objectweb.asm.ClassReader::readCode @ 2186 (5109 bytes)

Stack: [0x000000383af00000,0x000000383b000000]
Native frames: (J=compiled Java code, j=interpreted, Vv=VM code, C=native code)
V  [jvm.dll+0x611a3a]
V  [jvm.dll+0x748aaf]
V  [jvm.dll+0x74a135]
V  [jvm.dll+0x74a7b3]
V  [jvm.dll+0x2439f8]
V  [jvm.dll+0xba2bc]
V  [jvm.dll+0xba9bc]
V  [jvm.dll+0x3454a2]
V  [jvm.dll+0x194029]
V  [jvm.dll+0x1fd5a2]
V  [jvm.dll+0x1fc64f]
V  [jvm.dll+0x17f08c]
V  [jvm.dll+0x20bc54]
V  [jvm.dll+0x209d2b]
V  [jvm.dll+0x7103d9]
V  [jvm.dll+0x709114]
V  [jvm.dll+0x610cb6]
C  [ucrtbase.dll+0x21bb2]
C  [KERNEL32.DLL+0x174b4]
C  [ntdll.dll+0x526a1]


---------------  P R O C E S S  ---------------

Threads class SMR info:
_java_thread_list=0x00000171e17ab8a0, length=39, elements={
0x00000171c4b2c000, 0x00000171e003d800, 0x00000171e004a800, 0x00000171e006b800,
0x00000171e006d000, 0x00000171e08ba800, 0x00000171e08bf000, 0x00000171e08ec000,
0x00000171e0a4b800, 0x00000171e0a8e800, 0x00000171e2c24000, 0x00000171e35ce800,
0x00000171e20d2000, 0x00000171e2272000, 0x00000171e2b93000, 0x00000171e35d1800,
0x00000171e2c24800, 0x00000171e0963000, 0x00000171e2a80000, 0x00000171e37fb800,
0x00000171e37f9000, 0x00000171e37f9800, 0x00000171e37f8000, 0x00000171e37f5800,
0x00000171e37fa800, 0x00000171e37fc000, 0x00000171e37f6800, 0x00000171e37f7000,
0x00000171e2db2800, 0x00000171e2daf800, 0x00000171e2db4000, 0x00000171e2db6000,
0x00000171e2db0000, 0x00000171e2db1800, 0x00000171e2db5000, 0x00000171e2db6800,
0x00000171e2db1000, 0x00000171e2db9000, 0x00000171e2db3800
}

Java Threads: ( => current thread )
  0x00000171c4b2c000 JavaThread "main" [_thread_blocked, id=20424, stack(0x000000383a400000,0x000000383a500000)]
  0x00000171e003d800 JavaThread "Reference Handler" daemon [_thread_blocked, id=41632, stack(0x000000383ab00000,0x000000383ac00000)]
  0x00000171e004a800 JavaThread "Finalizer" daemon [_thread_blocked, id=18560, stack(0x000000383ac00000,0x000000383ad00000)]
  0x00000171e006b800 JavaThread "Signal Dispatcher" daemon [_thread_blocked, id=1912, stack(0x000000383ad00000,0x000000383ae00000)]
  0x00000171e006d000 JavaThread "Attach Listener" daemon [_thread_blocked, id=32520, stack(0x000000383ae00000,0x000000383af00000)]
=>0x00000171e08ba800 JavaThread "C2 CompilerThread0" daemon [_thread_in_native, id=39952, stack(0x000000383af00000,0x000000383b000000)]
  0x00000171e08bf000 JavaThread "C1 CompilerThread0" daemon [_thread_blocked, id=37312, stack(0x000000383b000000,0x000000383b100000)]
  0x00000171e08ec000 JavaThread "Sweeper thread" daemon [_thread_blocked, id=29736, stack(0x000000383b100000,0x000000383b200000)]
  0x00000171e0a4b800 JavaThread "Common-Cleaner" daemon [_thread_blocked, id=33508, stack(0x000000383b200000,0x000000383b300000)]
  0x00000171e0a8e800 JavaThread "Service Thread" daemon [_thread_blocked, id=26792, stack(0x000000383b300000,0x000000383b400000)]
  0x00000171e2c24000 JavaThread "Daemon health stats" [_thread_blocked, id=26348, stack(0x000000383bb00000,0x000000383bc00000)]
  0x00000171e35ce800 JavaThread "Incoming local TCP Connector on port 7404" [_thread_in_native, id=37800, stack(0x000000383ba00000,0x000000383bb00000)]
  0x00000171e20d2000 JavaThread "Daemon periodic checks" [_thread_blocked, id=30620, stack(0x000000383bc00000,0x000000383bd00000)]
  0x00000171e2272000 JavaThread "Daemon" [_thread_blocked, id=26956, stack(0x000000383bd00000,0x000000383be00000)]
  0x00000171e2b93000 JavaThread "Handler for socket connection from /127.0.0.1:7404 to /127.0.0.1:7407" [_thread_in_native, id=26800, stack(0x000000383be00000,0x000000383bf00000)]
  0x00000171e35d1800 JavaThread "Cancel handler" [_thread_blocked, id=24220, stack(0x000000383bf00000,0x000000383c000000)]
  0x00000171e2c24800 JavaThread "Daemon worker" [_thread_blocked, id=16892, stack(0x000000383c000000,0x000000383c100000)]
  0x00000171e0963000 JavaThread "Asynchronous log dispatcher for DefaultDaemonConnection: socket connection from /127.0.0.1:7404 to /127.0.0.1:7407" [_thread_blocked, id=38568, stack(0x000000383c100000,0x000000383c200000)]
  0x00000171e2a80000 JavaThread "Stdin handler" [_thread_blocked, id=4404, stack(0x000000383c200000,0x000000383c300000)]
  0x00000171e37fb800 JavaThread "Daemon client event forwarder" [_thread_blocked, id=22536, stack(0x000000383c300000,0x000000383c400000)]
  0x00000171e37f9000 JavaThread "Cache worker for journal cache (C:\Users\ksw\.gradle\caches\journal-1)" [_thread_blocked, id=31600, stack(0x000000383c400000,0x000000383c500000)]
  0x00000171e37f9800 JavaThread "File lock request listener" [_thread_in_native, id=24020, stack(0x000000383c500000,0x000000383c600000)]
  0x00000171e37f8000 JavaThread "Cache worker for file hash cache (C:\Users\ksw\.gradle\caches\7.5.1\fileHashes)" [_thread_blocked, id=37116, stack(0x000000383c900000,0x000000383ca00000)]
  0x00000171e37f5800 JavaThread "File watcher server" daemon [_thread_in_native, id=29092, stack(0x000000383ca00000,0x000000383cb00000)]
  0x00000171e37fa800 JavaThread "File watcher consumer" daemon [_thread_blocked, id=34432, stack(0x000000383cb00000,0x000000383cc00000)]
  0x00000171e37fc000 JavaThread "jar transforms" [_thread_blocked, id=25140, stack(0x000000383cc00000,0x000000383cd00000)]
  0x00000171e37f6800 JavaThread "jar transforms Thread 2" [_thread_blocked, id=23960, stack(0x000000383cd00000,0x000000383ce00000)]
  0x00000171e37f7000 JavaThread "jar transforms Thread 3" [_thread_blocked, id=33824, stack(0x000000383ce00000,0x000000383cf00000)]
  0x00000171e2db2800 JavaThread "jar transforms Thread 4" [_thread_blocked, id=7776, stack(0x000000383cf00000,0x000000383d000000)]
  0x00000171e2daf800 JavaThread "jar transforms Thread 5" [_thread_blocked, id=31088, stack(0x000000383d000000,0x000000383d100000)]
  0x00000171e2db4000 JavaThread "jar transforms Thread 6" [_thread_in_Java, id=39720, stack(0x000000383d100000,0x000000383d200000)]
  0x00000171e2db6000 JavaThread "jar transforms Thread 7" [_thread_blocked, id=14656, stack(0x000000383d200000,0x000000383d300000)]
  0x00000171e2db0000 JavaThread "jar transforms Thread 8" [_thread_blocked, id=39452, stack(0x000000383d300000,0x000000383d400000)]
  0x00000171e2db1800 JavaThread "Cache worker for checksums cache (D:\springStudy\ouath2-native\ouath2-native\.gradle\7.5.1\checksums)" [_thread_blocked, id=38416, stack(0x000000383d400000,0x000000383d500000)]
  0x00000171e2db5000 JavaThread "Cache worker for cache directory md-rule (C:\Users\ksw\.gradle\caches\7.5.1\md-rule)" [_thread_blocked, id=32184, stack(0x000000383d500000,0x000000383d600000)]
  0x00000171e2db6800 JavaThread "Cache worker for file content cache (C:\Users\ksw\.gradle\caches\7.5.1\fileContent)" [_thread_blocked, id=35876, stack(0x000000383d600000,0x000000383d700000)]
  0x00000171e2db1000 JavaThread "Cache worker for file hash cache (D:\springStudy\ouath2-native\ouath2-native\.gradle\7.5.1\fileHashes)" [_thread_blocked, id=22912, stack(0x000000383d700000,0x000000383d800000)]
  0x00000171e2db9000 JavaThread "Cache worker for cache directory md-supplier (C:\Users\ksw\.gradle\caches\7.5.1\md-supplier)" [_thread_blocked, id=39224, stack(0x000000383d800000,0x000000383d900000)]
  0x00000171e2db3800 JavaThread "Cache worker for execution history cache (C:\Users\ksw\.gradle\caches\7.5.1\executionHistory)" [_thread_blocked, id=32744, stack(0x000000383d900000,0x000000383da00000)]

Other Threads:
  0x00000171e001a000 VMThread "VM Thread" [stack: 0x000000383aa00000,0x000000383ab00000] [id=32836]
  0x00000171e0a90800 WatcherThread [stack: 0x000000383b400000,0x000000383b500000] [id=22248]
  0x00000171c4b41800 GCTaskThread "GC Thread#0" [stack: 0x000000383a500000,0x000000383a600000] [id=1248]
  0x00000171e0cad800 GCTaskThread "GC Thread#1" [stack: 0x000000383b500000,0x000000383b600000] [id=26944]
  0x00000171e1846800 GCTaskThread "GC Thread#2" [stack: 0x000000383b600000,0x000000383b700000] [id=25776]
  0x00000171e1d44000 GCTaskThread "GC Thread#3" [stack: 0x000000383b700000,0x000000383b800000] [id=30276]
  0x00000171e18b1000 GCTaskThread "GC Thread#4" [stack: 0x000000383b800000,0x000000383b900000] [id=41176]
  0x00000171e18b1800 GCTaskThread "GC Thread#5" [stack: 0x000000383b900000,0x000000383ba00000] [id=31632]
  0x00000171e18b2000 GCTaskThread "GC Thread#6" [stack: 0x000000383c600000,0x000000383c700000] [id=18244]
  0x00000171e18ac800 GCTaskThread "GC Thread#7" [stack: 0x000000383c700000,0x000000383c800000] [id=16492]
  0x00000171c4b56800 ConcurrentGCThread "G1 Main Marker" [stack: 0x000000383a600000,0x000000383a700000] [id=36592]
  0x00000171c4b58000 ConcurrentGCThread "G1 Conc#0" [stack: 0x000000383a700000,0x000000383a800000] [id=13380]
  0x00000171e18af800 ConcurrentGCThread "G1 Conc#1" [stack: 0x000000383c800000,0x000000383c900000] [id=30024]
  0x00000171c4c0e800 ConcurrentGCThread "G1 Refine#0" [stack: 0x000000383a800000,0x000000383a900000] [id=34720]
  0x00000171dfeb4800 ConcurrentGCThread "G1 Young RemSet Sampling" [stack: 0x000000383a900000,0x000000383aa00000] [id=18816]

Threads with active compile tasks:
C2 CompilerThread0  64565 6322 %     4       org.objectweb.asm.ClassReader::readCode @ 2186 (5109 bytes)

VM state:not at safepoint (normal execution)

VM Mutex/Monitor currently owned by a thread: None

Heap address: 0x00000000e0000000, size: 512 MB, Compressed Oops mode: 32-bit
Narrow klass base: 0x0000000000000000, Narrow klass shift: 3
Compressed class space size: 260046848 Address: 0x0000000100000000

Heap:
 garbage-first heap   total 262144K, used 133466K [0x00000000e0000000, 0x0000000100000000)
  region size 1024K, 85 young (87040K), 8 survivors (8192K)
 Metaspace       used 50733K, capacity 52123K, committed 52348K, reserved 301056K
  class space    used 6543K, capacity 7045K, committed 7116K, reserved 253952K
Heap Regions: E=young(eden), S=young(survivor), O=old, HS=humongous(starts), HC=humongous(continues), CS=collection set, F=free, A=archive, TAMS=top-at-mark-start (previous, next)
|   0|0x00000000e0000000, 0x00000000e0100000, 0x00000000e0100000|100%| O|  |TAMS 0x00000000e0100000, 0x00000000e0000000| Untracked 
|   1|0x00000000e0100000, 0x00000000e0200000, 0x00000000e0200000|100%| O|  |TAMS 0x00000000e0200000, 0x00000000e0100000| Untracked 
|   2|0x00000000e0200000, 0x00000000e0300000, 0x00000000e0300000|100%| O|  |TAMS 0x00000000e0300000, 0x00000000e0200000| Untracked 
|   3|0x00000000e0300000, 0x00000000e0400000, 0x00000000e0400000|100%|HS|  |TAMS 0x00000000e0400000, 0x00000000e0300000| Complete 
|   4|0x00000000e0400000, 0x00000000e0500000, 0x00000000e0500000|100%|HC|  |TAMS 0x00000000e0500000, 0x00000000e0400000| Complete 
|   5|0x00000000e0500000, 0x00000000e0600000, 0x00000000e0600000|100%|HC|  |TAMS 0x00000000e0600000, 0x00000000e0500000| Complete 
|   6|0x00000000e0600000, 0x00000000e0700000, 0x00000000e0700000|100%| O|  |TAMS 0x00000000e0700000, 0x00000000e0600000| Untracked 
|   7|0x00000000e0700000, 0x00000000e0800000, 0x00000000e0800000|100%| O|  |TAMS 0x00000000e0800000, 0x00000000e0700000| Untracked 
|   8|0x00000000e0800000, 0x00000000e0900000, 0x00000000e0900000|100%| O|  |TAMS 0x00000000e0900000, 0x00000000e0800000| Untracked 
|   9|0x00000000e0900000, 0x00000000e0a00000, 0x00000000e0a00000|100%| O|  |TAMS 0x00000000e0a00000, 0x00000000e0900000| Untracked 
|  10|0x00000000e0a00000, 0x00000000e0b00000, 0x00000000e0b00000|100%| O|  |TAMS 0x00000000e0b00000, 0x00000000e0a00000| Untracked 
|  11|0x00000000e0b00000, 0x00000000e0c00000, 0x00000000e0c00000|100%| O|  |TAMS 0x00000000e0c00000, 0x00000000e0b00000| Untracked 
|  12|0x00000000e0c00000, 0x00000000e0d00000, 0x00000000e0d00000|100%| O|  |TAMS 0x00000000e0d00000, 0x00000000e0c00000| Untracked 
|  13|0x00000000e0d00000, 0x00000000e0e00000, 0x00000000e0e00000|100%| O|  |TAMS 0x00000000e0e00000, 0x00000000e0d00000| Untracked 
|  14|0x00000000e0e00000, 0x00000000e0f00000, 0x00000000e0f00000|100%| O|  |TAMS 0x00000000e0f00000, 0x00000000e0e00000| Untracked 
|  15|0x00000000e0f00000, 0x00000000e1000000, 0x00000000e1000000|100%| O|  |TAMS 0x00000000e1000000, 0x00000000e0f00000| Untracked 
|  16|0x00000000e1000000, 0x00000000e1100000, 0x00000000e1100000|100%| O|  |TAMS 0x00000000e1097800, 0x00000000e1000000| Untracked 
|  17|0x00000000e1100000, 0x00000000e1200000, 0x00000000e1200000|100%|HS|  |TAMS 0x00000000e1200000, 0x00000000e1100000| Complete 
|  18|0x00000000e1200000, 0x00000000e1300000, 0x00000000e1300000|100%|HC|  |TAMS 0x00000000e1300000, 0x00000000e1200000| Complete 
|  19|0x00000000e1300000, 0x00000000e1400000, 0x00000000e1400000|100%|HS|  |TAMS 0x00000000e1400000, 0x00000000e1300000| Complete 
|  20|0x00000000e1400000, 0x00000000e1500000, 0x00000000e1500000|100%|HC|  |TAMS 0x00000000e1500000, 0x00000000e1400000| Complete 
|  21|0x00000000e1500000, 0x00000000e1600000, 0x00000000e1600000|100%|HC|  |TAMS 0x00000000e1600000, 0x00000000e1500000| Complete 
|  22|0x00000000e1600000, 0x00000000e1700000, 0x00000000e1700000|100%|HS|  |TAMS 0x00000000e1700000, 0x00000000e1600000| Complete 
|  23|0x00000000e1700000, 0x00000000e1800000, 0x00000000e1800000|100%|HC|  |TAMS 0x00000000e1800000, 0x00000000e1700000| Complete 
|  24|0x00000000e1800000, 0x00000000e1900000, 0x00000000e1900000|100%|HC|  |TAMS 0x00000000e1900000, 0x00000000e1800000| Complete 
|  25|0x00000000e1900000, 0x00000000e1a00000, 0x00000000e1a00000|100%|HC|  |TAMS 0x00000000e1a00000, 0x00000000e1900000| Complete 
|  26|0x00000000e1a00000, 0x00000000e1b00000, 0x00000000e1b00000|100%| O|  |TAMS 0x00000000e1a00000, 0x00000000e1a00000| Untracked 
|  27|0x00000000e1b00000, 0x00000000e1c00000, 0x00000000e1c00000|100%| O|  |TAMS 0x00000000e1b00000, 0x00000000e1b00000| Untracked 
|  28|0x00000000e1c00000, 0x00000000e1d00000, 0x00000000e1d00000|100%| O|  |TAMS 0x00000000e1c00000, 0x00000000e1c00000| Untracked 
|  29|0x00000000e1d00000, 0x00000000e1e00000, 0x00000000e1e00000|100%| O|  |TAMS 0x00000000e1d00000, 0x00000000e1d00000| Untracked 
|  30|0x00000000e1e00000, 0x00000000e1f00000, 0x00000000e1f00000|100%|HS|  |TAMS 0x00000000e1e00000, 0x00000000e1e00000| Complete 
|  31|0x00000000e1f00000, 0x00000000e2000000, 0x00000000e2000000|100%|HC|  |TAMS 0x00000000e1f00000, 0x00000000e1f00000| Complete 
|  32|0x00000000e2000000, 0x00000000e2100000, 0x00000000e2100000|100%|HC|  |TAMS 0x00000000e2000000, 0x00000000e2000000| Complete 
|  33|0x00000000e2100000, 0x00000000e2200000, 0x00000000e2200000|100%|HC|  |TAMS 0x00000000e2100000, 0x00000000e2100000| Complete 
|  34|0x00000000e2200000, 0x00000000e2300000, 0x00000000e2300000|100%| O|  |TAMS 0x00000000e2200000, 0x00000000e2200000| Untracked 
|  35|0x00000000e2300000, 0x00000000e2400000, 0x00000000e2400000|100%| O|  |TAMS 0x00000000e2300000, 0x00000000e2300000| Untracked 
|  36|0x00000000e2400000, 0x00000000e2500000, 0x00000000e2500000|100%| O|  |TAMS 0x00000000e2400000, 0x00000000e2400000| Untracked 
|  37|0x00000000e2500000, 0x00000000e2600000, 0x00000000e2600000|100%| O|  |TAMS 0x00000000e2500000, 0x00000000e2500000| Untracked 
|  38|0x00000000e2600000, 0x00000000e2700000, 0x00000000e2700000|100%| O|  |TAMS 0x00000000e2600000, 0x00000000e2600000| Untracked 
|  39|0x00000000e2700000, 0x00000000e2800000, 0x00000000e2800000|100%| O|  |TAMS 0x00000000e2700000, 0x00000000e2700000| Untracked 
|  40|0x00000000e2800000, 0x00000000e2900000, 0x00000000e2900000|100%| O|  |TAMS 0x00000000e2800000, 0x00000000e2800000| Untracked 
|  41|0x00000000e2900000, 0x00000000e2a00000, 0x00000000e2a00000|100%| O|  |TAMS 0x00000000e2900000, 0x00000000e2900000| Untracked 
|  42|0x00000000e2a00000, 0x00000000e2b00000, 0x00000000e2b00000|100%| O|  |TAMS 0x00000000e2a00000, 0x00000000e2a00000| Untracked 
|  43|0x00000000e2b00000, 0x00000000e2ba5e00, 0x00000000e2c00000| 64%| O|  |TAMS 0x00000000e2b00000, 0x00000000e2b00000| Untracked 
|  44|0x00000000e2c00000, 0x00000000e2c00000, 0x00000000e2d00000|  0%| F|  |TAMS 0x00000000e2c00000, 0x00000000e2c00000| Untracked 
|  45|0x00000000e2d00000, 0x00000000e2d00000, 0x00000000e2e00000|  0%| F|  |TAMS 0x00000000e2d00000, 0x00000000e2d00000| Untracked 
|  46|0x00000000e2e00000, 0x00000000e2e00000, 0x00000000e2f00000|  0%| F|  |TAMS 0x00000000e2e00000, 0x00000000e2e00000| Untracked 
|  47|0x00000000e2f00000, 0x00000000e3000000, 0x00000000e3000000|100%|HS|  |TAMS 0x00000000e2f00000, 0x00000000e2f00000| Complete 
|  48|0x00000000e3000000, 0x00000000e3100000, 0x00000000e3100000|100%|HC|  |TAMS 0x00000000e3000000, 0x00000000e3000000| Complete 
|  49|0x00000000e3100000, 0x00000000e3200000, 0x00000000e3200000|100%|HC|  |TAMS 0x00000000e3100000, 0x00000000e3100000| Complete 
|  50|0x00000000e3200000, 0x00000000e3200000, 0x00000000e3300000|  0%| F|  |TAMS 0x00000000e3200000, 0x00000000e3200000| Untracked 
|  51|0x00000000e3300000, 0x00000000e3300000, 0x00000000e3400000|  0%| F|  |TAMS 0x00000000e3300000, 0x00000000e3300000| Untracked 
|  52|0x00000000e3400000, 0x00000000e3400000, 0x00000000e3500000|  0%| F|  |TAMS 0x00000000e3400000, 0x00000000e3400000| Untracked 
|  53|0x00000000e3500000, 0x00000000e3500000, 0x00000000e3600000|  0%| F|  |TAMS 0x00000000e3500000, 0x00000000e3500000| Untracked 
|  54|0x00000000e3600000, 0x00000000e3600000, 0x00000000e3700000|  0%| F|  |TAMS 0x00000000e3600000, 0x00000000e3600000| Untracked 
|  55|0x00000000e3700000, 0x00000000e3700000, 0x00000000e3800000|  0%| F|  |TAMS 0x00000000e3700000, 0x00000000e3700000| Untracked 
|  56|0x00000000e3800000, 0x00000000e3800000, 0x00000000e3900000|  0%| F|  |TAMS 0x00000000e3800000, 0x00000000e3800000| Untracked 
|  57|0x00000000e3900000, 0x00000000e3900000, 0x00000000e3a00000|  0%| F|  |TAMS 0x00000000e3900000, 0x00000000e3900000| Untracked 
|  58|0x00000000e3a00000, 0x00000000e3a00000, 0x00000000e3b00000|  0%| F|  |TAMS 0x00000000e3a00000, 0x00000000e3a00000| Untracked 
|  59|0x00000000e3b00000, 0x00000000e3b00000, 0x00000000e3c00000|  0%| F|  |TAMS 0x00000000e3b00000, 0x00000000e3b00000| Untracked 
|  60|0x00000000e3c00000, 0x00000000e3c00000, 0x00000000e3d00000|  0%| F|  |TAMS 0x00000000e3c00000, 0x00000000e3c00000| Untracked 
|  61|0x00000000e3d00000, 0x00000000e3d00000, 0x00000000e3e00000|  0%| F|  |TAMS 0x00000000e3d00000, 0x00000000e3d00000| Untracked 
|  62|0x00000000e3e00000, 0x00000000e3e00000, 0x00000000e3f00000|  0%| F|  |TAMS 0x00000000e3e00000, 0x00000000e3e00000| Untracked 
|  63|0x00000000e3f00000, 0x00000000e3f00000, 0x00000000e4000000|  0%| F|  |TAMS 0x00000000e3f00000, 0x00000000e3f00000| Untracked 
|  64|0x00000000e4000000, 0x00000000e4000000, 0x00000000e4100000|  0%| F|  |TAMS 0x00000000e4000000, 0x00000000e4000000| Untracked 
|  65|0x00000000e4100000, 0x00000000e4100000, 0x00000000e4200000|  0%| F|  |TAMS 0x00000000e4100000, 0x00000000e4100000| Untracked 
|  66|0x00000000e4200000, 0x00000000e4200000, 0x00000000e4300000|  0%| F|  |TAMS 0x00000000e4200000, 0x00000000e4200000| Untracked 
|  67|0x00000000e4300000, 0x00000000e4300000, 0x00000000e4400000|  0%| F|  |TAMS 0x00000000e4300000, 0x00000000e4300000| Untracked 
|  68|0x00000000e4400000, 0x00000000e4400000, 0x00000000e4500000|  0%| F|  |TAMS 0x00000000e4400000, 0x00000000e4400000| Untracked 
|  69|0x00000000e4500000, 0x00000000e4500000, 0x00000000e4600000|  0%| F|  |TAMS 0x00000000e4500000, 0x00000000e4500000| Untracked 
|  70|0x00000000e4600000, 0x00000000e4600000, 0x00000000e4700000|  0%| F|  |TAMS 0x00000000e4600000, 0x00000000e4600000| Untracked 
|  71|0x00000000e4700000, 0x00000000e4700000, 0x00000000e4800000|  0%| F|  |TAMS 0x00000000e4700000, 0x00000000e4700000| Untracked 
|  72|0x00000000e4800000, 0x00000000e4800000, 0x00000000e4900000|  0%| F|  |TAMS 0x00000000e4800000, 0x00000000e4800000| Untracked 
|  73|0x00000000e4900000, 0x00000000e4900000, 0x00000000e4a00000|  0%| F|  |TAMS 0x00000000e4900000, 0x00000000e4900000| Untracked 
|  74|0x00000000e4a00000, 0x00000000e4a00000, 0x00000000e4b00000|  0%| F|  |TAMS 0x00000000e4a00000, 0x00000000e4a00000| Untracked 
|  75|0x00000000e4b00000, 0x00000000e4b00000, 0x00000000e4c00000|  0%| F|  |TAMS 0x00000000e4b00000, 0x00000000e4b00000| Untracked 
|  76|0x00000000e4c00000, 0x00000000e4c00000, 0x00000000e4d00000|  0%| F|  |TAMS 0x00000000e4c00000, 0x00000000e4c00000| Untracked 
|  77|0x00000000e4d00000, 0x00000000e4d00000, 0x00000000e4e00000|  0%| F|  |TAMS 0x00000000e4d00000, 0x00000000e4d00000| Untracked 
|  78|0x00000000e4e00000, 0x00000000e4e00000, 0x00000000e4f00000|  0%| F|  |TAMS 0x00000000e4e00000, 0x00000000e4e00000| Untracked 
|  79|0x00000000e4f00000, 0x00000000e4f00000, 0x00000000e5000000|  0%| F|  |TAMS 0x00000000e4f00000, 0x00000000e4f00000| Untracked 
|  80|0x00000000e5000000, 0x00000000e5000000, 0x00000000e5100000|  0%| F|  |TAMS 0x00000000e5000000, 0x00000000e5000000| Untracked 
|  81|0x00000000e5100000, 0x00000000e5100000, 0x00000000e5200000|  0%| F|  |TAMS 0x00000000e5100000, 0x00000000e5100000| Untracked 
|  82|0x00000000e5200000, 0x00000000e5200000, 0x00000000e5300000|  0%| F|  |TAMS 0x00000000e5200000, 0x00000000e5200000| Untracked 
|  83|0x00000000e5300000, 0x00000000e5300000, 0x00000000e5400000|  0%| F|  |TAMS 0x00000000e5300000, 0x00000000e5300000| Untracked 
|  84|0x00000000e5400000, 0x00000000e5400000, 0x00000000e5500000|  0%| F|  |TAMS 0x00000000e5400000, 0x00000000e5400000| Untracked 
|  85|0x00000000e5500000, 0x00000000e5500000, 0x00000000e5600000|  0%| F|  |TAMS 0x00000000e5500000, 0x00000000e5500000| Untracked 
|  86|0x00000000e5600000, 0x00000000e5600000, 0x00000000e5700000|  0%| F|  |TAMS 0x00000000e5600000, 0x00000000e5600000| Untracked 
|  87|0x00000000e5700000, 0x00000000e5700000, 0x00000000e5800000|  0%| F|  |TAMS 0x00000000e5700000, 0x00000000e5700000| Untracked 
|  88|0x00000000e5800000, 0x00000000e5800000, 0x00000000e5900000|  0%| F|  |TAMS 0x00000000e5800000, 0x00000000e5800000| Untracked 
|  89|0x00000000e5900000, 0x00000000e5900000, 0x00000000e5a00000|  0%| F|  |TAMS 0x00000000e5900000, 0x00000000e5900000| Untracked 
|  90|0x00000000e5a00000, 0x00000000e5a00000, 0x00000000e5b00000|  0%| F|  |TAMS 0x00000000e5a00000, 0x00000000e5a00000| Untracked 
|  91|0x00000000e5b00000, 0x00000000e5b00000, 0x00000000e5c00000|  0%| F|  |TAMS 0x00000000e5b00000, 0x00000000e5b00000| Untracked 
|  92|0x00000000e5c00000, 0x00000000e5c00000, 0x00000000e5d00000|  0%| F|  |TAMS 0x00000000e5c00000, 0x00000000e5c00000| Untracked 
|  93|0x00000000e5d00000, 0x00000000e5d00000, 0x00000000e5e00000|  0%| F|  |TAMS 0x00000000e5d00000, 0x00000000e5d00000| Untracked 
|  94|0x00000000e5e00000, 0x00000000e5e00000, 0x00000000e5f00000|  0%| F|  |TAMS 0x00000000e5e00000, 0x00000000e5e00000| Untracked 
|  95|0x00000000e5f00000, 0x00000000e5fb0a00, 0x00000000e6000000| 68%| S|CS|TAMS 0x00000000e5f00000, 0x00000000e5f00000| Complete 
|  96|0x00000000e6000000, 0x00000000e6000000, 0x00000000e6100000|  0%| F|  |TAMS 0x00000000e6000000, 0x00000000e6000000| Untracked 
|  97|0x00000000e6100000, 0x00000000e6200000, 0x00000000e6200000|100%| S|CS|TAMS 0x00000000e6100000, 0x00000000e6100000| Complete 
|  98|0x00000000e6200000, 0x00000000e6300000, 0x00000000e6300000|100%| S|CS|TAMS 0x00000000e6200000, 0x00000000e6200000| Complete 
|  99|0x00000000e6300000, 0x00000000e6400000, 0x00000000e6400000|100%| S|CS|TAMS 0x00000000e6300000, 0x00000000e6300000| Complete 
| 100|0x00000000e6400000, 0x00000000e6500000, 0x00000000e6500000|100%| S|CS|TAMS 0x00000000e6400000, 0x00000000e6400000| Complete 
| 101|0x00000000e6500000, 0x00000000e6600000, 0x00000000e6600000|100%| S|CS|TAMS 0x00000000e6500000, 0x00000000e6500000| Complete 
| 102|0x00000000e6600000, 0x00000000e6700000, 0x00000000e6700000|100%| S|CS|TAMS 0x00000000e6600000, 0x00000000e6600000| Complete 
| 103|0x00000000e6700000, 0x00000000e6700000, 0x00000000e6800000|  0%| F|  |TAMS 0x00000000e6700000, 0x00000000e6700000| Untracked 
| 104|0x00000000e6800000, 0x00000000e6800000, 0x00000000e6900000|  0%| F|  |TAMS 0x00000000e6800000, 0x00000000e6800000| Untracked 
| 105|0x00000000e6900000, 0x00000000e6900000, 0x00000000e6a00000|  0%| F|  |TAMS 0x00000000e6900000, 0x00000000e6900000| Untracked 
| 106|0x00000000e6a00000, 0x00000000e6a00000, 0x00000000e6b00000|  0%| F|  |TAMS 0x00000000e6a00000, 0x00000000e6a00000| Untracked 
| 107|0x00000000e6b00000, 0x00000000e6b00000, 0x00000000e6c00000|  0%| F|  |TAMS 0x00000000e6b00000, 0x00000000e6b00000| Untracked 
| 108|0x00000000e6c00000, 0x00000000e6c00000, 0x00000000e6d00000|  0%| F|  |TAMS 0x00000000e6c00000, 0x00000000e6c00000| Untracked 
| 109|0x00000000e6d00000, 0x00000000e6e00000, 0x00000000e6e00000|100%| S|CS|TAMS 0x00000000e6d00000, 0x00000000e6d00000| Complete 
| 110|0x00000000e6e00000, 0x00000000e6e00000, 0x00000000e6f00000|  0%| F|  |TAMS 0x00000000e6e00000, 0x00000000e6e00000| Untracked 
| 111|0x00000000e6f00000, 0x00000000e6f00000, 0x00000000e7000000|  0%| F|  |TAMS 0x00000000e6f00000, 0x00000000e6f00000| Untracked 
| 112|0x00000000e7000000, 0x00000000e7000000, 0x00000000e7100000|  0%| F|  |TAMS 0x00000000e7000000, 0x00000000e7000000| Untracked 
| 113|0x00000000e7100000, 0x00000000e7100000, 0x00000000e7200000|  0%| F|  |TAMS 0x00000000e7100000, 0x00000000e7100000| Untracked 
| 114|0x00000000e7200000, 0x00000000e7200000, 0x00000000e7300000|  0%| F|  |TAMS 0x00000000e7200000, 0x00000000e7200000| Untracked 
| 115|0x00000000e7300000, 0x00000000e7300000, 0x00000000e7400000|  0%| F|  |TAMS 0x00000000e7300000, 0x00000000e7300000| Untracked 
| 116|0x00000000e7400000, 0x00000000e7400000, 0x00000000e7500000|  0%| F|  |TAMS 0x00000000e7400000, 0x00000000e7400000| Untracked 
| 117|0x00000000e7500000, 0x00000000e7500000, 0x00000000e7600000|  0%| F|  |TAMS 0x00000000e7500000, 0x00000000e7500000| Untracked 
| 118|0x00000000e7600000, 0x00000000e7600000, 0x00000000e7700000|  0%| F|  |TAMS 0x00000000e7600000, 0x00000000e7600000| Untracked 
| 119|0x00000000e7700000, 0x00000000e7700000, 0x00000000e7800000|  0%| F|  |TAMS 0x00000000e7700000, 0x00000000e7700000| Untracked 
| 120|0x00000000e7800000, 0x00000000e7800000, 0x00000000e7900000|  0%| F|  |TAMS 0x00000000e7800000, 0x00000000e7800000| Untracked 
| 121|0x00000000e7900000, 0x00000000e7900000, 0x00000000e7a00000|  0%| F|  |TAMS 0x00000000e7900000, 0x00000000e7900000| Untracked 
| 122|0x00000000e7a00000, 0x00000000e7a00000, 0x00000000e7b00000|  0%| F|  |TAMS 0x00000000e7a00000, 0x00000000e7a00000| Untracked 
| 123|0x00000000e7b00000, 0x00000000e7b00000, 0x00000000e7c00000|  0%| F|  |TAMS 0x00000000e7b00000, 0x00000000e7b00000| Untracked 
| 124|0x00000000e7c00000, 0x00000000e7c00000, 0x00000000e7d00000|  0%| F|  |TAMS 0x00000000e7c00000, 0x00000000e7c00000| Untracked 
| 125|0x00000000e7d00000, 0x00000000e7d00000, 0x00000000e7e00000|  0%| F|  |TAMS 0x00000000e7d00000, 0x00000000e7d00000| Untracked 
| 126|0x00000000e7e00000, 0x00000000e7e00000, 0x00000000e7f00000|  0%| F|  |TAMS 0x00000000e7e00000, 0x00000000e7e00000| Untracked 
| 127|0x00000000e7f00000, 0x00000000e7f00000, 0x00000000e8000000|  0%| F|  |TAMS 0x00000000e7f00000, 0x00000000e7f00000| Untracked 
| 128|0x00000000e8000000, 0x00000000e8000000, 0x00000000e8100000|  0%| F|  |TAMS 0x00000000e8000000, 0x00000000e8000000| Untracked 
| 129|0x00000000e8100000, 0x00000000e8100000, 0x00000000e8200000|  0%| F|  |TAMS 0x00000000e8100000, 0x00000000e8100000| Untracked 
| 130|0x00000000e8200000, 0x00000000e8200000, 0x00000000e8300000|  0%| F|  |TAMS 0x00000000e8200000, 0x00000000e8200000| Untracked 
| 131|0x00000000e8300000, 0x00000000e8300000, 0x00000000e8400000|  0%| F|  |TAMS 0x00000000e8300000, 0x00000000e8300000| Untracked 
| 132|0x00000000e8400000, 0x00000000e8400000, 0x00000000e8500000|  0%| F|  |TAMS 0x00000000e8400000, 0x00000000e8400000| Untracked 
| 133|0x00000000e8500000, 0x00000000e8500000, 0x00000000e8600000|  0%| F|  |TAMS 0x00000000e8500000, 0x00000000e8500000| Untracked 
| 134|0x00000000e8600000, 0x00000000e8600000, 0x00000000e8700000|  0%| F|  |TAMS 0x00000000e8600000, 0x00000000e8600000| Untracked 
| 135|0x00000000e8700000, 0x00000000e8700000, 0x00000000e8800000|  0%| F|  |TAMS 0x00000000e8700000, 0x00000000e8700000| Untracked 
| 136|0x00000000e8800000, 0x00000000e8800000, 0x00000000e8900000|  0%| F|  |TAMS 0x00000000e8800000, 0x00000000e8800000| Untracked 
| 137|0x00000000e8900000, 0x00000000e8900000, 0x00000000e8a00000|  0%| F|  |TAMS 0x00000000e8900000, 0x00000000e8900000| Untracked 
| 138|0x00000000e8a00000, 0x00000000e8a00000, 0x00000000e8b00000|  0%| F|  |TAMS 0x00000000e8a00000, 0x00000000e8a00000| Untracked 
| 139|0x00000000e8b00000, 0x00000000e8b00000, 0x00000000e8c00000|  0%| F|  |TAMS 0x00000000e8b00000, 0x00000000e8b00000| Untracked 
| 140|0x00000000e8c00000, 0x00000000e8c00000, 0x00000000e8d00000|  0%| F|  |TAMS 0x00000000e8c00000, 0x00000000e8c00000| Untracked 
| 141|0x00000000e8d00000, 0x00000000e8d00000, 0x00000000e8e00000|  0%| F|  |TAMS 0x00000000e8d00000, 0x00000000e8d00000| Untracked 
| 142|0x00000000e8e00000, 0x00000000e8e00000, 0x00000000e8f00000|  0%| F|  |TAMS 0x00000000e8e00000, 0x00000000e8e00000| Untracked 
| 143|0x00000000e8f00000, 0x00000000e8f00000, 0x00000000e9000000|  0%| F|  |TAMS 0x00000000e8f00000, 0x00000000e8f00000| Untracked 
| 144|0x00000000e9000000, 0x00000000e9000000, 0x00000000e9100000|  0%| F|  |TAMS 0x00000000e9000000, 0x00000000e9000000| Untracked 
| 145|0x00000000e9100000, 0x00000000e9100000, 0x00000000e9200000|  0%| F|  |TAMS 0x00000000e9100000, 0x00000000e9100000| Untracked 
| 146|0x00000000e9200000, 0x00000000e9200000, 0x00000000e9300000|  0%| F|  |TAMS 0x00000000e9200000, 0x00000000e9200000| Untracked 
| 147|0x00000000e9300000, 0x00000000e9300000, 0x00000000e9400000|  0%| F|  |TAMS 0x00000000e9300000, 0x00000000e9300000| Untracked 
| 148|0x00000000e9400000, 0x00000000e9400000, 0x00000000e9500000|  0%| F|  |TAMS 0x00000000e9400000, 0x00000000e9400000| Untracked 
| 149|0x00000000e9500000, 0x00000000e9500000, 0x00000000e9600000|  0%| F|  |TAMS 0x00000000e9500000, 0x00000000e9500000| Untracked 
| 150|0x00000000e9600000, 0x00000000e9600000, 0x00000000e9700000|  0%| F|  |TAMS 0x00000000e9600000, 0x00000000e9600000| Untracked 
| 151|0x00000000e9700000, 0x00000000e9700000, 0x00000000e9800000|  0%| F|  |TAMS 0x00000000e9700000, 0x00000000e9700000| Untracked 
| 152|0x00000000e9800000, 0x00000000e9800000, 0x00000000e9900000|  0%| F|  |TAMS 0x00000000e9800000, 0x00000000e9800000| Untracked 
| 153|0x00000000e9900000, 0x00000000e9900000, 0x00000000e9a00000|  0%| F|  |TAMS 0x00000000e9900000, 0x00000000e9900000| Untracked 
| 154|0x00000000e9a00000, 0x00000000e9a00000, 0x00000000e9b00000|  0%| F|  |TAMS 0x00000000e9a00000, 0x00000000e9a00000| Untracked 
| 155|0x00000000e9b00000, 0x00000000e9b00000, 0x00000000e9c00000|  0%| F|  |TAMS 0x00000000e9b00000, 0x00000000e9b00000| Untracked 
| 156|0x00000000e9c00000, 0x00000000e9c00000, 0x00000000e9d00000|  0%| F|  |TAMS 0x00000000e9c00000, 0x00000000e9c00000| Untracked 
| 157|0x00000000e9d00000, 0x00000000e9d00000, 0x00000000e9e00000|  0%| F|  |TAMS 0x00000000e9d00000, 0x00000000e9d00000| Untracked 
| 158|0x00000000e9e00000, 0x00000000e9e00000, 0x00000000e9f00000|  0%| F|  |TAMS 0x00000000e9e00000, 0x00000000e9e00000| Untracked 
| 159|0x00000000e9f00000, 0x00000000e9f00000, 0x00000000ea000000|  0%| F|  |TAMS 0x00000000e9f00000, 0x00000000e9f00000| Untracked 
| 160|0x00000000ea000000, 0x00000000ea000000, 0x00000000ea100000|  0%| F|  |TAMS 0x00000000ea000000, 0x00000000ea000000| Untracked 
| 161|0x00000000ea100000, 0x00000000ea100000, 0x00000000ea200000|  0%| F|  |TAMS 0x00000000ea100000, 0x00000000ea100000| Untracked 
| 162|0x00000000ea200000, 0x00000000ea200000, 0x00000000ea300000|  0%| F|  |TAMS 0x00000000ea200000, 0x00000000ea200000| Untracked 
| 163|0x00000000ea300000, 0x00000000ea300000, 0x00000000ea400000|  0%| F|  |TAMS 0x00000000ea300000, 0x00000000ea300000| Untracked 
| 164|0x00000000ea400000, 0x00000000ea400000, 0x00000000ea500000|  0%| F|  |TAMS 0x00000000ea400000, 0x00000000ea400000| Untracked 
| 165|0x00000000ea500000, 0x00000000ea500000, 0x00000000ea600000|  0%| F|  |TAMS 0x00000000ea500000, 0x00000000ea500000| Untracked 
| 166|0x00000000ea600000, 0x00000000ea600000, 0x00000000ea700000|  0%| F|  |TAMS 0x00000000ea600000, 0x00000000ea600000| Untracked 
| 167|0x00000000ea700000, 0x00000000ea700000, 0x00000000ea800000|  0%| F|  |TAMS 0x00000000ea700000, 0x00000000ea700000| Untracked 
| 168|0x00000000ea800000, 0x00000000ea800000, 0x00000000ea900000|  0%| F|  |TAMS 0x00000000ea800000, 0x00000000ea800000| Untracked 
| 169|0x00000000ea900000, 0x00000000ea900000, 0x00000000eaa00000|  0%| F|  |TAMS 0x00000000ea900000, 0x00000000ea900000| Untracked 
| 170|0x00000000eaa00000, 0x00000000eaa00000, 0x00000000eab00000|  0%| F|  |TAMS 0x00000000eaa00000, 0x00000000eaa00000| Untracked 
| 171|0x00000000eab00000, 0x00000000eab00000, 0x00000000eac00000|  0%| F|  |TAMS 0x00000000eab00000, 0x00000000eab00000| Untracked 
| 172|0x00000000eac00000, 0x00000000eac00000, 0x00000000ead00000|  0%| F|  |TAMS 0x00000000eac00000, 0x00000000eac00000| Untracked 
| 173|0x00000000ead00000, 0x00000000ead00000, 0x00000000eae00000|  0%| F|  |TAMS 0x00000000ead00000, 0x00000000ead00000| Untracked 
| 174|0x00000000eae00000, 0x00000000eae00000, 0x00000000eaf00000|  0%| F|  |TAMS 0x00000000eae00000, 0x00000000eae00000| Untracked 
| 175|0x00000000eaf00000, 0x00000000eaf00000, 0x00000000eb000000|  0%| F|  |TAMS 0x00000000eaf00000, 0x00000000eaf00000| Untracked 
| 176|0x00000000eb000000, 0x00000000eb000000, 0x00000000eb100000|  0%| F|  |TAMS 0x00000000eb000000, 0x00000000eb000000| Untracked 
| 177|0x00000000eb100000, 0x00000000eb100000, 0x00000000eb200000|  0%| F|  |TAMS 0x00000000eb100000, 0x00000000eb100000| Untracked 
| 178|0x00000000eb200000, 0x00000000eb200000, 0x00000000eb300000|  0%| F|  |TAMS 0x00000000eb200000, 0x00000000eb200000| Untracked 
| 179|0x00000000eb300000, 0x00000000eb400000, 0x00000000eb400000|100%| E|  |TAMS 0x00000000eb300000, 0x00000000eb300000| Complete 
| 180|0x00000000eb400000, 0x00000000eb500000, 0x00000000eb500000|100%| E|CS|TAMS 0x00000000eb400000, 0x00000000eb400000| Complete 
| 181|0x00000000eb500000, 0x00000000eb600000, 0x00000000eb600000|100%| E|CS|TAMS 0x00000000eb500000, 0x00000000eb500000| Complete 
| 182|0x00000000eb600000, 0x00000000eb700000, 0x00000000eb700000|100%| E|CS|TAMS 0x00000000eb600000, 0x00000000eb600000| Complete 
| 183|0x00000000eb700000, 0x00000000eb800000, 0x00000000eb800000|100%| E|CS|TAMS 0x00000000eb700000, 0x00000000eb700000| Complete 
| 184|0x00000000eb800000, 0x00000000eb900000, 0x00000000eb900000|100%| E|CS|TAMS 0x00000000eb800000, 0x00000000eb800000| Complete 
| 185|0x00000000eb900000, 0x00000000eba00000, 0x00000000eba00000|100%| E|CS|TAMS 0x00000000eb900000, 0x00000000eb900000| Complete 
| 186|0x00000000eba00000, 0x00000000ebb00000, 0x00000000ebb00000|100%| E|CS|TAMS 0x00000000eba00000, 0x00000000eba00000| Complete 
| 187|0x00000000ebb00000, 0x00000000ebc00000, 0x00000000ebc00000|100%| E|CS|TAMS 0x00000000ebb00000, 0x00000000ebb00000| Complete 
| 188|0x00000000ebc00000, 0x00000000ebd00000, 0x00000000ebd00000|100%| E|CS|TAMS 0x00000000ebc00000, 0x00000000ebc00000| Complete 
| 189|0x00000000ebd00000, 0x00000000ebe00000, 0x00000000ebe00000|100%| E|CS|TAMS 0x00000000ebd00000, 0x00000000ebd00000| Complete 
| 190|0x00000000ebe00000, 0x00000000ebf00000, 0x00000000ebf00000|100%| E|CS|TAMS 0x00000000ebe00000, 0x00000000ebe00000| Complete 
| 191|0x00000000ebf00000, 0x00000000ec000000, 0x00000000ec000000|100%| E|CS|TAMS 0x00000000ebf00000, 0x00000000ebf00000| Complete 
| 192|0x00000000ec000000, 0x00000000ec100000, 0x00000000ec100000|100%| E|CS|TAMS 0x00000000ec000000, 0x00000000ec000000| Complete 
| 193|0x00000000ec100000, 0x00000000ec200000, 0x00000000ec200000|100%| E|CS|TAMS 0x00000000ec100000, 0x00000000ec100000| Complete 
| 194|0x00000000ec200000, 0x00000000ec300000, 0x00000000ec300000|100%| E|CS|TAMS 0x00000000ec200000, 0x00000000ec200000| Complete 
| 195|0x00000000ec300000, 0x00000000ec400000, 0x00000000ec400000|100%| E|CS|TAMS 0x00000000ec300000, 0x00000000ec300000| Complete 
| 196|0x00000000ec400000, 0x00000000ec500000, 0x00000000ec500000|100%| E|CS|TAMS 0x00000000ec400000, 0x00000000ec400000| Complete 
| 197|0x00000000ec500000, 0x00000000ec600000, 0x00000000ec600000|100%| E|CS|TAMS 0x00000000ec500000, 0x00000000ec500000| Complete 
| 198|0x00000000ec600000, 0x00000000ec700000, 0x00000000ec700000|100%| E|CS|TAMS 0x00000000ec600000, 0x00000000ec600000| Complete 
| 199|0x00000000ec700000, 0x00000000ec800000, 0x00000000ec800000|100%| E|CS|TAMS 0x00000000ec700000, 0x00000000ec700000| Complete 
| 200|0x00000000ec800000, 0x00000000ec900000, 0x00000000ec900000|100%| E|CS|TAMS 0x00000000ec800000, 0x00000000ec800000| Complete 
| 201|0x00000000ec900000, 0x00000000eca00000, 0x00000000eca00000|100%| E|CS|TAMS 0x00000000ec900000, 0x00000000ec900000| Complete 
| 202|0x00000000eca00000, 0x00000000ecb00000, 0x00000000ecb00000|100%| E|CS|TAMS 0x00000000eca00000, 0x00000000eca00000| Complete 
| 203|0x00000000ecb00000, 0x00000000ecc00000, 0x00000000ecc00000|100%| E|CS|TAMS 0x00000000ecb00000, 0x00000000ecb00000| Complete 
| 204|0x00000000ecc00000, 0x00000000ecd00000, 0x00000000ecd00000|100%| E|CS|TAMS 0x00000000ecc00000, 0x00000000ecc00000| Complete 
| 205|0x00000000ecd00000, 0x00000000ece00000, 0x00000000ece00000|100%| E|CS|TAMS 0x00000000ecd00000, 0x00000000ecd00000| Complete 
| 206|0x00000000ece00000, 0x00000000ecf00000, 0x00000000ecf00000|100%| E|CS|TAMS 0x00000000ece00000, 0x00000000ece00000| Complete 
| 207|0x00000000ecf00000, 0x00000000ed000000, 0x00000000ed000000|100%| E|CS|TAMS 0x00000000ecf00000, 0x00000000ecf00000| Complete 
| 208|0x00000000ed000000, 0x00000000ed100000, 0x00000000ed100000|100%| E|CS|TAMS 0x00000000ed000000, 0x00000000ed000000| Complete 
| 209|0x00000000ed100000, 0x00000000ed200000, 0x00000000ed200000|100%| E|CS|TAMS 0x00000000ed100000, 0x00000000ed100000| Complete 
| 210|0x00000000ed200000, 0x00000000ed300000, 0x00000000ed300000|100%| E|CS|TAMS 0x00000000ed200000, 0x00000000ed200000| Complete 
| 211|0x00000000ed300000, 0x00000000ed400000, 0x00000000ed400000|100%| E|CS|TAMS 0x00000000ed300000, 0x00000000ed300000| Complete 
| 212|0x00000000ed400000, 0x00000000ed500000, 0x00000000ed500000|100%| E|CS|TAMS 0x00000000ed400000, 0x00000000ed400000| Complete 
| 213|0x00000000ed500000, 0x00000000ed600000, 0x00000000ed600000|100%| E|CS|TAMS 0x00000000ed500000, 0x00000000ed500000| Complete 
| 214|0x00000000ed600000, 0x00000000ed700000, 0x00000000ed700000|100%| E|CS|TAMS 0x00000000ed600000, 0x00000000ed600000| Complete 
| 215|0x00000000ed700000, 0x00000000ed800000, 0x00000000ed800000|100%| E|CS|TAMS 0x00000000ed700000, 0x00000000ed700000| Complete 
| 216|0x00000000ed800000, 0x00000000ed900000, 0x00000000ed900000|100%| E|CS|TAMS 0x00000000ed800000, 0x00000000ed800000| Complete 
| 217|0x00000000ed900000, 0x00000000eda00000, 0x00000000eda00000|100%| E|CS|TAMS 0x00000000ed900000, 0x00000000ed900000| Complete 
| 218|0x00000000eda00000, 0x00000000edb00000, 0x00000000edb00000|100%| E|CS|TAMS 0x00000000eda00000, 0x00000000eda00000| Complete 
| 219|0x00000000edb00000, 0x00000000edc00000, 0x00000000edc00000|100%| E|CS|TAMS 0x00000000edb00000, 0x00000000edb00000| Complete 
| 220|0x00000000edc00000, 0x00000000edd00000, 0x00000000edd00000|100%| E|CS|TAMS 0x00000000edc00000, 0x00000000edc00000| Complete 
| 221|0x00000000edd00000, 0x00000000ede00000, 0x00000000ede00000|100%| E|CS|TAMS 0x00000000edd00000, 0x00000000edd00000| Complete 
| 222|0x00000000ede00000, 0x00000000edf00000, 0x00000000edf00000|100%| E|CS|TAMS 0x00000000ede00000, 0x00000000ede00000| Complete 
| 223|0x00000000edf00000, 0x00000000ee000000, 0x00000000ee000000|100%| E|CS|TAMS 0x00000000edf00000, 0x00000000edf00000| Complete 
| 224|0x00000000ee000000, 0x00000000ee100000, 0x00000000ee100000|100%| E|CS|TAMS 0x00000000ee000000, 0x00000000ee000000| Complete 
| 225|0x00000000ee100000, 0x00000000ee200000, 0x00000000ee200000|100%| E|CS|TAMS 0x00000000ee100000, 0x00000000ee100000| Complete 
| 226|0x00000000ee200000, 0x00000000ee300000, 0x00000000ee300000|100%| E|CS|TAMS 0x00000000ee200000, 0x00000000ee200000| Complete 
| 227|0x00000000ee300000, 0x00000000ee400000, 0x00000000ee400000|100%| E|CS|TAMS 0x00000000ee300000, 0x00000000ee300000| Complete 
| 228|0x00000000ee400000, 0x00000000ee500000, 0x00000000ee500000|100%| E|CS|TAMS 0x00000000ee400000, 0x00000000ee400000| Complete 
| 229|0x00000000ee500000, 0x00000000ee600000, 0x00000000ee600000|100%| E|CS|TAMS 0x00000000ee500000, 0x00000000ee500000| Complete 
| 230|0x00000000ee600000, 0x00000000ee700000, 0x00000000ee700000|100%| E|CS|TAMS 0x00000000ee600000, 0x00000000ee600000| Complete 
| 231|0x00000000ee700000, 0x00000000ee800000, 0x00000000ee800000|100%| E|CS|TAMS 0x00000000ee700000, 0x00000000ee700000| Complete 
| 232|0x00000000ee800000, 0x00000000ee900000, 0x00000000ee900000|100%| E|CS|TAMS 0x00000000ee800000, 0x00000000ee800000| Complete 
| 233|0x00000000ee900000, 0x00000000eea00000, 0x00000000eea00000|100%| E|CS|TAMS 0x00000000ee900000, 0x00000000ee900000| Complete 
| 234|0x00000000eea00000, 0x00000000eeb00000, 0x00000000eeb00000|100%| E|CS|TAMS 0x00000000eea00000, 0x00000000eea00000| Complete 
| 235|0x00000000eeb00000, 0x00000000eec00000, 0x00000000eec00000|100%| E|CS|TAMS 0x00000000eeb00000, 0x00000000eeb00000| Complete 
| 236|0x00000000eec00000, 0x00000000eed00000, 0x00000000eed00000|100%| E|CS|TAMS 0x00000000eec00000, 0x00000000eec00000| Complete 
| 237|0x00000000eed00000, 0x00000000eee00000, 0x00000000eee00000|100%| E|CS|TAMS 0x00000000eed00000, 0x00000000eed00000| Complete 
| 238|0x00000000eee00000, 0x00000000eef00000, 0x00000000eef00000|100%| E|CS|TAMS 0x00000000eee00000, 0x00000000eee00000| Complete 
| 239|0x00000000eef00000, 0x00000000ef000000, 0x00000000ef000000|100%| E|CS|TAMS 0x00000000eef00000, 0x00000000eef00000| Complete 
| 240|0x00000000ef000000, 0x00000000ef100000, 0x00000000ef100000|100%| E|CS|TAMS 0x00000000ef000000, 0x00000000ef000000| Complete 
| 241|0x00000000ef100000, 0x00000000ef200000, 0x00000000ef200000|100%| E|CS|TAMS 0x00000000ef100000, 0x00000000ef100000| Complete 
| 242|0x00000000ef200000, 0x00000000ef300000, 0x00000000ef300000|100%| E|CS|TAMS 0x00000000ef200000, 0x00000000ef200000| Complete 
| 243|0x00000000ef300000, 0x00000000ef400000, 0x00000000ef400000|100%| E|CS|TAMS 0x00000000ef300000, 0x00000000ef300000| Complete 
| 244|0x00000000ef400000, 0x00000000ef500000, 0x00000000ef500000|100%| E|CS|TAMS 0x00000000ef400000, 0x00000000ef400000| Complete 
| 245|0x00000000ef500000, 0x00000000ef600000, 0x00000000ef600000|100%| E|CS|TAMS 0x00000000ef500000, 0x00000000ef500000| Complete 
| 246|0x00000000ef600000, 0x00000000ef700000, 0x00000000ef700000|100%| E|CS|TAMS 0x00000000ef600000, 0x00000000ef600000| Complete 
| 247|0x00000000ef700000, 0x00000000ef800000, 0x00000000ef800000|100%| E|CS|TAMS 0x00000000ef700000, 0x00000000ef700000| Complete 
| 248|0x00000000ef800000, 0x00000000ef900000, 0x00000000ef900000|100%| E|CS|TAMS 0x00000000ef800000, 0x00000000ef800000| Complete 
| 249|0x00000000ef900000, 0x00000000efa00000, 0x00000000efa00000|100%| E|CS|TAMS 0x00000000ef900000, 0x00000000ef900000| Complete 
| 250|0x00000000efa00000, 0x00000000efb00000, 0x00000000efb00000|100%| E|CS|TAMS 0x00000000efa00000, 0x00000000efa00000| Complete 
| 251|0x00000000efb00000, 0x00000000efc00000, 0x00000000efc00000|100%| E|CS|TAMS 0x00000000efb00000, 0x00000000efb00000| Complete 
| 252|0x00000000efc00000, 0x00000000efd00000, 0x00000000efd00000|100%| E|CS|TAMS 0x00000000efc00000, 0x00000000efc00000| Complete 
| 253|0x00000000efd00000, 0x00000000efe00000, 0x00000000efe00000|100%| E|CS|TAMS 0x00000000efd00000, 0x00000000efd00000| Complete 
| 254|0x00000000efe00000, 0x00000000eff00000, 0x00000000eff00000|100%| E|CS|TAMS 0x00000000efe00000, 0x00000000efe00000| Complete 
| 255|0x00000000eff00000, 0x00000000f0000000, 0x00000000f0000000|100%| E|CS|TAMS 0x00000000eff00000, 0x00000000eff00000| Complete 

Card table byte_map: [0x00000171dc3e0000,0x00000171dc4e0000] _byte_map_base: 0x00000171dbce0000

Marking Bits (Prev, Next): (CMBitMap*) 0x00000171c4b53fc8, (CMBitMap*) 0x00000171c4b54000
 Prev Bits: [0x00000171dc5e0000, 0x00000171dcde0000)
 Next Bits: [0x00000171dcde0000, 0x00000171dd5e0000)

Polling page: 0x00000171c2af0000

Metaspace:

Usage:
  Non-class:     44.02 MB capacity,    43.15 MB ( 98%) used,   749.19 KB (  2%) free+waste,   138.94 KB ( <1%) overhead. 
      Class:      6.88 MB capacity,     6.39 MB ( 93%) used,   435.09 KB (  6%) free+waste,    66.75 KB ( <1%) overhead. 
       Both:     50.90 MB capacity,    49.54 MB ( 97%) used,     1.16 MB (  2%) free+waste,   205.69 KB ( <1%) overhead. 

Virtual space:
  Non-class space:       46.00 MB reserved,      44.17 MB ( 96%) committed 
      Class space:      248.00 MB reserved,       6.95 MB (  3%) committed 
             Both:      294.00 MB reserved,      51.12 MB ( 17%) committed 

Chunk freelists:
   Non-Class:  3.25 KB
       Class:  0 bytes
        Both:  3.25 KB

CodeHeap 'non-profiled nmethods': size=120000Kb used=5089Kb max_used=5089Kb free=114910Kb
 bounds [0x00000171d4a80000, 0x00000171d4f80000, 0x00000171dbfb0000]
CodeHeap 'profiled nmethods': size=120000Kb used=10754Kb max_used=11102Kb free=109245Kb
 bounds [0x00000171cd550000, 0x00000171ce060000, 0x00000171d4a80000]
CodeHeap 'non-nmethods': size=5760Kb used=2235Kb max_used=2358Kb free=3524Kb
 bounds [0x00000171ccfb0000, 0x00000171cd220000, 0x00000171cd550000]
 total_blobs=6012 nmethods=5206 adapters=717
 compilation: enabled
              stopped_count=0, restarted_count=0
 full_count=0

Compilation events (10 events):
Event: 61.499 Thread 0x00000171e2dbc800 6335       4       org.objectweb.asm.ClassVisitor::visitField (24 bytes)
Event: 61.499 Thread 0x00000171e2dbc800 nmethod 6335 0x00000171d4f51a90 code [0x00000171d4f51c20, 0x00000171d4f51cd8]
Event: 61.499 Thread 0x00000171e2dbc800 6323       4       org.objectweb.asm.MethodWriter::visitJumpInsn (495 bytes)
Event: 61.513 Thread 0x00000171e2dbc800 nmethod 6323 0x00000171d4f51e10 code [0x00000171d4f52020, 0x00000171d4f52b70]
Event: 61.513 Thread 0x00000171e2dbc800 6331       4       org.objectweb.asm.Handler::getExceptionTableSize (10 bytes)
Event: 61.514 Thread 0x00000171e2dbc800 nmethod 6331 0x00000171d4f53190 code [0x00000171d4f53320, 0x00000171d4f53398]
Event: 61.765 Thread 0x00000171e2dbc800 6337       4       org.objectweb.asm.Attribute::putAttributes (78 bytes)
Event: 61.790 Thread 0x00000171e2dbc800 nmethod 6337 0x00000171d4f53490 code [0x00000171d4f536c0, 0x00000171d4f54610]
Event: 61.873 Thread 0x00000171e2dbc800 6338       4       org.objectweb.asm.Attribute::computeAttributesSize (62 bytes)
Event: 61.875 Thread 0x00000171e2dbc800 nmethod 6338 0x00000171d4f54d90 code [0x00000171d4f54f40, 0x00000171d4f550a8]

GC Heap History (10 events):
Event: 51.675 GC heap before
{Heap before GC invocations=14 (full 0):
 garbage-first heap   total 262144K, used 204698K [0x00000000e0000000, 0x0000000100000000)
  region size 1024K, 153 young (156672K), 4 survivors (4096K)
 Metaspace       used 50412K, capacity 51672K, committed 51708K, reserved 299008K
  class space    used 6508K, capacity 6964K, committed 6988K, reserved 253952K
}
Event: 51.678 GC heap after
{Heap after GC invocations=15 (full 0):
 garbage-first heap   total 262144K, used 47590K [0x00000000e0000000, 0x0000000100000000)
  region size 1024K, 3 young (3072K), 3 survivors (3072K)
 Metaspace       used 50412K, capacity 51672K, committed 51708K, reserved 299008K
  class space    used 6508K, capacity 6964K, committed 6988K, reserved 253952K
}
Event: 52.850 GC heap before
{Heap before GC invocations=15 (full 0):
 garbage-first heap   total 262144K, used 207334K [0x00000000e0000000, 0x0000000100000000)
  region size 1024K, 153 young (156672K), 3 survivors (3072K)
 Metaspace       used 50726K, capacity 52123K, committed 52348K, reserved 301056K
  class space    used 6543K, capacity 7045K, committed 7116K, reserved 253952K
}
Event: 52.855 GC heap after
{Heap after GC invocations=16 (full 0):
 garbage-first heap   total 262144K, used 53498K [0x00000000e0000000, 0x0000000100000000)
  region size 1024K, 6 young (6144K), 6 survivors (6144K)
 Metaspace       used 50726K, capacity 52123K, committed 52348K, reserved 301056K
  class space    used 6543K, capacity 7045K, committed 7116K, reserved 253952K
}
Event: 54.081 GC heap before
{Heap before GC invocations=16 (full 0):
 garbage-first heap   total 262144K, used 203002K [0x00000000e0000000, 0x0000000100000000)
  region size 1024K, 153 young (156672K), 6 survivors (6144K)
 Metaspace       used 50728K, capacity 52123K, committed 52348K, reserved 301056K
  class space    used 6543K, capacity 7045K, committed 7116K, reserved 253952K
}
Event: 54.086 GC heap after
{Heap after GC invocations=17 (full 0):
 garbage-first heap   total 262144K, used 52976K [0x00000000e0000000, 0x0000000100000000)
  region size 1024K, 6 young (6144K), 6 survivors (6144K)
 Metaspace       used 50728K, capacity 52123K, committed 52348K, reserved 301056K
  class space    used 6543K, capacity 7045K, committed 7116K, reserved 253952K
}
Event: 57.620 GC heap before
{Heap before GC invocations=17 (full 0):
 garbage-first heap   total 262144K, used 202480K [0x00000000e0000000, 0x0000000100000000)
  region size 1024K, 153 young (156672K), 6 survivors (6144K)
 Metaspace       used 50731K, capacity 52123K, committed 52348K, reserved 301056K
  class space    used 6543K, capacity 7045K, committed 7116K, reserved 253952K
}
Event: 57.623 GC heap after
{Heap after GC invocations=18 (full 0):
 garbage-first heap   total 262144K, used 53147K [0x00000000e0000000, 0x0000000100000000)
  region size 1024K, 6 young (6144K), 6 survivors (6144K)
 Metaspace       used 50731K, capacity 52123K, committed 52348K, reserved 301056K
  class space    used 6543K, capacity 7045K, committed 7116K, reserved 253952K
}
Event: 59.245 GC heap before
{Heap before GC invocations=18 (full 0):
 garbage-first heap   total 262144K, used 203675K [0x00000000e0000000, 0x0000000100000000)
  region size 1024K, 153 young (156672K), 6 survivors (6144K)
 Metaspace       used 50731K, capacity 52123K, committed 52348K, reserved 301056K
  class space    used 6543K, capacity 7045K, committed 7116K, reserved 253952K
}
Event: 59.251 GC heap after
{Heap after GC invocations=19 (full 0):
 garbage-first heap   total 262144K, used 54304K [0x00000000e0000000, 0x0000000100000000)
  region size 1024K, 7 young (7168K), 7 survivors (7168K)
 Metaspace       used 50731K, capacity 52123K, committed 52348K, reserved 301056K
  class space    used 6543K, capacity 7045K, committed 7116K, reserved 253952K
}

Deoptimization events (10 events):
Event: 61.250 Thread 0x00000171e2db4000 Uncommon trap: reason=unstable_if action=reinterpret pc=0x00000171d4ee0bec method=org.objectweb.asm.ClassReader.readField(Lorg/objectweb/asm/ClassVisitor;Lorg/objectweb/asm/Context;I)I @ 200 c2
Event: 61.253 Thread 0x00000171e2db4000 Uncommon trap: reason=unstable_if action=reinterpret pc=0x00000171d4ed47a0 method=org.objectweb.asm.ClassReader.readMethod(Lorg/objectweb/asm/ClassVisitor;Lorg/objectweb/asm/Context;I)I @ 335 c2
Event: 61.253 Thread 0x00000171e2db4000 Uncommon trap: reason=unstable_if action=reinterpret pc=0x00000171d4f3b288 method=org.objectweb.asm.Attribute.computeAttributesSize(Lorg/objectweb/asm/SymbolTable;II)I @ 16 c2
Event: 61.253 Thread 0x00000171e2db4000 Uncommon trap: reason=unstable_if action=reinterpret pc=0x00000171d4d401a0 method=org.objectweb.asm.Attribute.computeAttributesSize(Lorg/objectweb/asm/SymbolTable;II)I @ 16 c2
Event: 61.253 Thread 0x00000171e2db4000 Uncommon trap: reason=unstable_if action=reinterpret pc=0x00000171d4f2e394 method=org.objectweb.asm.FieldWriter.putFieldInfo(Lorg/objectweb/asm/ByteVector;)V @ 82 c2
Event: 61.253 Thread 0x00000171e2db4000 Uncommon trap: reason=unstable_if action=reinterpret pc=0x00000171d4d9d914 method=org.objectweb.asm.Attribute.putAttributes(Lorg/objectweb/asm/SymbolTable;IILorg/objectweb/asm/ByteVector;)V @ 14 c2
Event: 61.253 Thread 0x00000171e2db4000 Uncommon trap: reason=unstable_if action=reinterpret pc=0x00000171d4f3111c method=org.objectweb.asm.MethodWriter.putMethodInfo(Lorg/objectweb/asm/ByteVector;)V @ 126 c2
Event: 61.262 Thread 0x00000171e2db4000 Uncommon trap: reason=unstable_if action=reinterpret pc=0x00000171d4e22484 method=org.objectweb.asm.Attribute.computeAttributesSize(Lorg/objectweb/asm/SymbolTable;II)I @ 16 c2
Event: 61.262 Thread 0x00000171e2db4000 Uncommon trap: reason=unstable_if action=reinterpret pc=0x00000171d4d9d41c method=org.objectweb.asm.Attribute.computeAttributesSize(Lorg/objectweb/asm/SymbolTable;II)I @ 16 c2
Event: 61.270 Thread 0x00000171e2db4000 Uncommon trap: reason=unstable_if action=reinterpret pc=0x00000171d4eba1d8 method=org.objectweb.asm.ClassReader.accept(Lorg/objectweb/asm/ClassVisitor;[Lorg/objectweb/asm/Attribute;I)V @ 422 c2

Classes redefined (0 events):
No events

Internal exceptions (10 events):
Event: 52.920 Thread 0x00000171e37fc000 Exception <a 'sun/nio/fs/WindowsException'{0x00000000edffa738}> (0x00000000edffa738) thrown at [./open/src/hotspot/share/prims/jni.cpp, line 611]
Event: 52.924 Thread 0x00000171e37fc000 Exception <a 'sun/nio/fs/WindowsException'{0x00000000edffa970}> (0x00000000edffa970) thrown at [./open/src/hotspot/share/prims/jni.cpp, line 611]
Event: 53.391 Thread 0x00000171e2daf800 Exception <a 'sun/nio/fs/WindowsException'{0x00000000eb4eaa40}> (0x00000000eb4eaa40) thrown at [./open/src/hotspot/share/prims/jni.cpp, line 611]
Event: 53.393 Thread 0x00000171e2daf800 Exception <a 'sun/nio/fs/WindowsException'{0x00000000eb4eaba8}> (0x00000000eb4eaba8) thrown at [./open/src/hotspot/share/prims/jni.cpp, line 611]
Event: 53.456 Thread 0x00000171e2db0000 Exception <a 'sun/nio/fs/WindowsException'{0x00000000e86e2908}> (0x00000000e86e2908) thrown at [./open/src/hotspot/share/prims/jni.cpp, line 611]
Event: 53.458 Thread 0x00000171e2db0000 Exception <a 'sun/nio/fs/WindowsException'{0x00000000e86e2a98}> (0x00000000e86e2a98) thrown at [./open/src/hotspot/share/prims/jni.cpp, line 611]
Event: 53.586 Thread 0x00000171e37f7000 Exception <a 'sun/nio/fs/WindowsException'{0x00000000e790da38}> (0x00000000e790da38) thrown at [./open/src/hotspot/share/prims/jni.cpp, line 611]
Event: 53.652 Thread 0x00000171e37f7000 Exception <a 'sun/nio/fs/WindowsException'{0x00000000e790dc00}> (0x00000000e790dc00) thrown at [./open/src/hotspot/share/prims/jni.cpp, line 611]
Event: 56.322 Thread 0x00000171e37f6800 Exception <a 'sun/nio/fs/WindowsException'{0x00000000e9472840}> (0x00000000e9472840) thrown at [./open/src/hotspot/share/prims/jni.cpp, line 611]
Event: 56.324 Thread 0x00000171e37f6800 Exception <a 'sun/nio/fs/WindowsException'{0x00000000e94729a0}> (0x00000000e94729a0) thrown at [./open/src/hotspot/share/prims/jni.cpp, line 611]

Events (10 events):
Event: 61.262 Thread 0x00000171e2db4000 DEOPT PACKING pc=0x00000171d4d9d41c sp=0x000000383d1fe460
Event: 61.262 Thread 0x00000171e2db4000 DEOPT UNPACKING pc=0x00000171ccfd8f2f sp=0x000000383d1fe3f0 mode 2
Event: 61.270 Thread 0x00000171e2db4000 Uncommon trap: trap_request=0xffffff4d fr.pc=0x00000171d4eba1d8 relative=0x00000000000087d8
Event: 61.270 Thread 0x00000171e2db4000 DEOPT PACKING pc=0x00000171d4eba1d8 sp=0x000000383d1fe4d0
Event: 61.270 Thread 0x00000171e2db4000 DEOPT UNPACKING pc=0x00000171ccfd8f2f sp=0x000000383d1fe468 mode 2
Event: 61.467 Thread 0x00000171e2dbc800 Thread added: 0x00000171e2dbc800
Event: 61.488 Thread 0x00000171e2db4000 DEOPT PACKING pc=0x00000171cdeaa89d sp=0x000000383d1fdcf0
Event: 61.488 Thread 0x00000171e2db4000 DEOPT UNPACKING pc=0x00000171ccfd8d4e sp=0x000000383d1fd1a0 mode 0
Event: 61.664 Thread 0x00000171e2db4000 DEOPT PACKING pc=0x00000171cdf88a2b sp=0x000000383d1fe430
Event: 61.664 Thread 0x00000171e2db4000 DEOPT UNPACKING pc=0x00000171ccfd8d4e sp=0x000000383d1fd9f0 mode 0


Dynamic libraries:
0x00007ff7917d0000 - 0x00007ff7917df000 	C:\Program Files\Java\jdk-11.0.9\bin\java.exe
0x00007ffc0aa70000 - 0x00007ffc0ac68000 	C:\WINDOWS\SYSTEM32\ntdll.dll
0x00007ffc09510000 - 0x00007ffc095cf000 	C:\WINDOWS\System32\KERNEL32.DLL
0x00007ffc08520000 - 0x00007ffc087f2000 	C:\WINDOWS\System32\KERNELBASE.dll
0x00007ffc082c0000 - 0x00007ffc083c0000 	C:\WINDOWS\System32\ucrtbase.dll
0x00007ffbe5890000 - 0x00007ffbe58a8000 	C:\Program Files\Java\jdk-11.0.9\bin\jli.dll
0x00007ffbe5870000 - 0x00007ffbe5885000 	C:\Program Files\Java\jdk-11.0.9\bin\VCRUNTIME140.dll
0x00007ffc09cf0000 - 0x00007ffc09d9e000 	C:\WINDOWS\System32\ADVAPI32.dll
0x00007ffc0a620000 - 0x00007ffc0a6be000 	C:\WINDOWS\System32\msvcrt.dll
0x00007ffc0a3f0000 - 0x00007ffc0a48c000 	C:\WINDOWS\System32\sechost.dll
0x00007ffc09340000 - 0x00007ffc09465000 	C:\WINDOWS\System32\RPCRT4.dll
0x00007ffc09b50000 - 0x00007ffc09ced000 	C:\WINDOWS\System32\USER32.dll
0x00007ffc08a90000 - 0x00007ffc08ab2000 	C:\WINDOWS\System32\win32u.dll
0x00007ffc094d0000 - 0x00007ffc094fb000 	C:\WINDOWS\System32\GDI32.dll
0x00007ffbf43d0000 - 0x00007ffbf466a000 	C:\WINDOWS\WinSxS\amd64_microsoft.windows.common-controls_6595b64144ccf1df_6.0.19041.1110_none_60b5254171f9507e\COMCTL32.dll
0x00007ffc088c0000 - 0x00007ffc089cf000 	C:\WINDOWS\System32\gdi32full.dll
0x00007ffc08170000 - 0x00007ffc0820d000 	C:\WINDOWS\System32\msvcp_win.dll
0x00007ffc00e10000 - 0x00007ffc00e1a000 	C:\WINDOWS\SYSTEM32\VERSION.dll
0x00007ffc09470000 - 0x00007ffc094a2000 	C:\WINDOWS\System32\IMM32.DLL
0x00007ffbd37d0000 - 0x00007ffbd386b000 	C:\Program Files\Java\jdk-11.0.9\bin\msvcp140.dll
0x00007ffbcb690000 - 0x00007ffbcc187000 	C:\Program Files\Java\jdk-11.0.9\bin\server\jvm.dll
0x00007ffc0a6c0000 - 0x00007ffc0a6c8000 	C:\WINDOWS\System32\PSAPI.DLL
0x00007ffbf3130000 - 0x00007ffbf3139000 	C:\WINDOWS\SYSTEM32\WSOCK32.dll
0x00007ffbf2000000 - 0x00007ffbf2027000 	C:\WINDOWS\SYSTEM32\WINMM.dll
0x00007ffc0a6d0000 - 0x00007ffc0a73b000 	C:\WINDOWS\System32\WS2_32.dll
0x00007ffc05ff0000 - 0x00007ffc06002000 	C:\WINDOWS\SYSTEM32\kernel.appcore.dll
0x00007ffc03b00000 - 0x00007ffc03b10000 	C:\Program Files\Java\jdk-11.0.9\bin\verify.dll
0x00007ffbf2b60000 - 0x00007ffbf2d44000 	C:\WINDOWS\SYSTEM32\DBGHELP.DLL
0x00007ffbf2b30000 - 0x00007ffbf2b5c000 	C:\WINDOWS\SYSTEM32\dbgcore.DLL
0x00007ffc089d0000 - 0x00007ffc08a52000 	C:\WINDOWS\System32\bcryptPrimitives.dll
0x00007ffbfa250000 - 0x00007ffbfa278000 	C:\Program Files\Java\jdk-11.0.9\bin\java.dll
0x00007ffc03a80000 - 0x00007ffc03a8a000 	C:\Program Files\Java\jdk-11.0.9\bin\jimage.dll
0x00007ffc01db0000 - 0x00007ffc01dc6000 	C:\Program Files\Java\jdk-11.0.9\bin\zip.dll
0x00007ffc08ac0000 - 0x00007ffc09203000 	C:\WINDOWS\System32\SHELL32.dll
0x00007ffc061f0000 - 0x00007ffc06982000 	C:\WINDOWS\SYSTEM32\windows.storage.dll
0x00007ffc0a090000 - 0x00007ffc0a3e4000 	C:\WINDOWS\System32\combase.dll
0x00007ffc07af0000 - 0x00007ffc07b20000 	C:\WINDOWS\SYSTEM32\Wldp.dll
0x00007ffc09aa0000 - 0x00007ffc09b4d000 	C:\WINDOWS\System32\SHCORE.dll
0x00007ffc0a560000 - 0x00007ffc0a5b5000 	C:\WINDOWS\System32\shlwapi.dll
0x00007ffc080b0000 - 0x00007ffc080cf000 	C:\WINDOWS\SYSTEM32\profapi.dll
0x00007ffc01890000 - 0x00007ffc018a9000 	C:\Program Files\Java\jdk-11.0.9\bin\net.dll
0x00007ffbfd4d0000 - 0x00007ffbfd5dc000 	C:\WINDOWS\SYSTEM32\WINHTTP.dll
0x00007ffc07860000 - 0x00007ffc078ca000 	C:\WINDOWS\system32\mswsock.dll
0x00007ffbf91f0000 - 0x00007ffbf9202000 	C:\Program Files\Java\jdk-11.0.9\bin\nio.dll
0x00007ffbf3dc0000 - 0x00007ffbf3de7000 	C:\Users\ksw\.gradle\native\e1d6ef7f7dcc3fd88c89a11ec53ec762bb8ba0a96d01ffa2cd45eb1d1d8dd5c5\windows-amd64\native-platform.dll
0x00007ffbd09e0000 - 0x00007ffbd0b24000 	C:\Users\ksw\.gradle\native\0d407fdbe67a94daf76414ababcb853783967236a71b16ec16e742cd7a986fd3\windows-amd64\native-platform-file-events.dll
0x00007ffc03a60000 - 0x00007ffc03a69000 	C:\Program Files\Java\jdk-11.0.9\bin\management.dll
0x00007ffc02120000 - 0x00007ffc0212b000 	C:\Program Files\Java\jdk-11.0.9\bin\management_ext.dll
0x00007ffc07b30000 - 0x00007ffc07b48000 	C:\WINDOWS\SYSTEM32\CRYPTSP.dll
0x00007ffc07130000 - 0x00007ffc07164000 	C:\WINDOWS\system32\rsaenh.dll
0x00007ffc08a60000 - 0x00007ffc08a87000 	C:\WINDOWS\System32\bcrypt.dll
0x00007ffc08070000 - 0x00007ffc0809e000 	C:\WINDOWS\SYSTEM32\USERENV.dll
0x00007ffc079f0000 - 0x00007ffc079fc000 	C:\WINDOWS\SYSTEM32\CRYPTBASE.dll
0x00007ffc07550000 - 0x00007ffc0758b000 	C:\WINDOWS\SYSTEM32\IPHLPAPI.DLL
0x00007ffc09500000 - 0x00007ffc09508000 	C:\WINDOWS\System32\NSI.dll
0x00007ffc00a70000 - 0x00007ffc00a87000 	C:\WINDOWS\SYSTEM32\dhcpcsvc6.DLL
0x00007ffc00a50000 - 0x00007ffc00a6d000 	C:\WINDOWS\SYSTEM32\dhcpcsvc.DLL
0x00007ffc07590000 - 0x00007ffc0765a000 	C:\WINDOWS\SYSTEM32\DNSAPI.dll
0x00007ffc07250000 - 0x00007ffc07283000 	C:\WINDOWS\SYSTEM32\ntmarta.dll

dbghelp: loaded successfully - version: 4.0.5 - missing functions: none
symbol engine: initialized successfully - sym options: 0x614 - pdb path: .;C:\Program Files\Java\jdk-11.0.9\bin;C:\WINDOWS\SYSTEM32;C:\WINDOWS\WinSxS\amd64_microsoft.windows.common-controls_6595b64144ccf1df_6.0.19041.1110_none_60b5254171f9507e;C:\Program Files\Java\jdk-11.0.9\bin\server;C:\Users\ksw\.gradle\native\e1d6ef7f7dcc3fd88c89a11ec53ec762bb8ba0a96d01ffa2cd45eb1d1d8dd5c5\windows-amd64;C:\Users\ksw\.gradle\native\0d407fdbe67a94daf76414ababcb853783967236a71b16ec16e742cd7a986fd3\windows-amd64

VM Arguments:
jvm_args: -XX:MaxMetaspaceSize=256m -XX:+HeapDumpOnOutOfMemoryError --add-opens=java.base/java.util=ALL-UNNAMED --add-opens=java.base/java.lang=ALL-UNNAMED --add-opens=java.base/java.lang.invoke=ALL-UNNAMED --add-opens=java.base/java.util=ALL-UNNAMED --add-opens=java.prefs/java.util.prefs=ALL-UNNAMED --add-opens=java.prefs/java.util.prefs=ALL-UNNAMED --add-opens=java.base/java.nio.charset=ALL-UNNAMED --add-opens=java.base/java.net=ALL-UNNAMED --add-opens=java.base/java.util.concurrent.atomic=ALL-UNNAMED -Xms256m -Xmx512m -Dfile.encoding=UTF-8 -Duser.country=KR -Duser.language=ko -Duser.variant 
java_command: org.gradle.launcher.daemon.bootstrap.GradleDaemon 7.5.1
java_class_path (initial): C:\Users\ksw\.gradle\wrapper\dists\gradle-7.5.1-bin\7jzzequgds1hbszbhq3npc5ng\gradle-7.5.1\lib\gradle-launcher-7.5.1.jar
Launcher Type: SUN_STANDARD

[Global flags]
     intx CICompilerCount                          = 4                                         {product} {ergonomic}
   size_t CompressedClassSpaceSize                 = 260046848                                 {product} {ergonomic}
     uint ConcGCThreads                            = 2                                         {product} {ergonomic}
     uint G1ConcRefinementThreads                  = 8                                         {product} {ergonomic}
   size_t G1HeapRegionSize                         = 1048576                                   {product} {ergonomic}
    uintx GCDrainStackTargetSize                   = 64                                        {product} {ergonomic}
     bool HeapDumpOnOutOfMemoryError               = true                                   {manageable} {command line}
   size_t InitialHeapSize                          = 268435456                                 {product} {command line}
   size_t MarkStackSize                            = 4194304                                   {product} {ergonomic}
   size_t MaxHeapSize                              = 536870912                                 {product} {command line}
   size_t MaxMetaspaceSize                         = 268435456                                 {product} {command line}
   size_t MaxNewSize                               = 321912832                                 {product} {ergonomic}
   size_t MinHeapDeltaBytes                        = 1048576                                   {product} {ergonomic}
    uintx NonNMethodCodeHeapSize                   = 5836300                                {pd product} {ergonomic}
    uintx NonProfiledCodeHeapSize                  = 122910970                              {pd product} {ergonomic}
    uintx ProfiledCodeHeapSize                     = 122910970                              {pd product} {ergonomic}
    uintx ReservedCodeCacheSize                    = 251658240                              {pd product} {ergonomic}
     bool SegmentedCodeCache                       = true                                      {product} {ergonomic}
     bool UseCompressedClassPointers               = true                                 {lp64_product} {ergonomic}
     bool UseCompressedOops                        = true                                 {lp64_product} {ergonomic}
     bool UseG1GC                                  = true                                      {product} {ergonomic}
     bool UseLargePagesIndividualAllocation        = false                                  {pd product} {ergonomic}

Logging:
Log output configuration:
 #0: stdout all=warning uptime,level,tags
 #1: stderr all=off uptime,level,tags

Environment Variables:
JAVA_HOME=C:\Program Files\Java\jdk-11.0.9
CLASSPATH=C:\Program Files\Java\jdk-11.0.9lib
PATH=D:\Download.2\dbhomeXE\bin;C:\Program Files\Common Files\Oracle\Java\javapath;C:\Program Files (x86)\Intel\iCLS Client\;C:\Program Files (x86)\NAT Service;C:\Program Files\Intel\iCLS Client\;C:\Windows\system32;C:\Windows;C:\Windows\System32\Wbem;C:\Windows\System32\WindowsPowerShell\v1.0\;C:\Program Files (x86)\NVIDIA Corporation\PhysX\Common;C:\WINDOWS\system32;C:\WINDOWS;C:\WINDOWS\System32\Wbem;C:\WINDOWS\System32\WindowsPowerShell\v1.0\;C:\WINDOWS\System32\OpenSSH\;C:\Program Files\Git\cmd;C:\Users\김상운\Desktop\apache-maven-3.6.3-bin\apache-maven-3.6.3\bin;C:\Android\Sdk\emulator;C:\Android\Sdk\platform-tools;C:\Android\Sdk\tools;C:\Program Files\MySQL\MySQL Server 8.0\bin;C:\Program Files (x86)\Intel\Intel(R) Management Engine Components\DAL;C:\Program Files\Intel\Intel(R) Management Engine Components\DAL;C:\Program Files (x86)\Intel\Intel(R) Management Engine Components\IPT;C:\Program Files\Intel\Intel(R) Management Engine Components\IPT;"C:\Program Files\Java\jdk-11.0.9\bin;D:\apache-tomcat-9.0.41-windows-x64\apache-tomcat-9.0.41\bin;";C:\python\Scripts;C:\Program Files\PuTTY\;C:\Program Files\nodejs\;C:\Program Files\Docker\Docker\resources\bin;C:\ProgramData\DockerDesktop\version-bin;C:\apache-maven-3.8.6-bin\apache-maven-3.8.6\bin;C:\ProgramData\chocolatey\bin;C:\python\Scripts\;C:\python\;C:\Users\김상운\AppData\Local\Programs\Python\Python39\Scripts\;C:\Users\김상운\AppData\Local\Programs\Python\Python39\;C:\Program Files\MySQL\MySQL Server 8.0\bin;D:\Download.2\dbhomeXE\bin;C:\Program Files\Common Files\Oracle\Java\javapath;C:\Program Files (x86)\Intel\iCLS Client\;C:\Program Files (x86)\NAT Service;C:\Program Files\Intel\iCLS Client\;C:\Windows\system32;C:\Windows;C:\Windows\System32\Wbem;C:\Windows\System32\WindowsPowerShell\v1.0\;C:\Program Files (x86)\NVIDIA Corporation\PhysX\Common;C:\WINDOWS\system32;C:\WINDOWS;C:\WINDOWS\System32\Wbem;C:\WINDOWS\System32\WindowsPowerShell\v1.0\;C:\WINDOWS\System32\OpenSSH\;C:\Program Files\Git\cmd;C:\Users\
USERNAME=ksw
OS=Windows_NT
PROCESSOR_IDENTIFIER=Intel64 Family 6 Model 158 Stepping 9, GenuineIntel



---------------  S Y S T E M  ---------------

OS: Windows 10 , 64 bit Build 19041 (10.0.19041.2251)
HyperV virtualization detected

CPU:total 8 (initial active 8) (4 cores per cpu, 2 threads per core) family 6 model 158 stepping 9, cmov, cx8, fxsr, mmx, sse, sse2, sse3, ssse3, sse4.1, sse4.2, popcnt, avx, avx2, aes, clmul, erms, 3dnowpref, lzcnt, ht, tsc, tscinvbit, bmi1, bmi2, adx, fma

Memory: 4k page, system-wide physical 8106M (673M free)
TotalPageFile size 23227M (AvailPageFile size 210M)
current process WorkingSet (physical memory assigned to process): 385M, peak: 411M
current process commit charge ("private bytes"): 479M, peak: 506M

vm_info: Java HotSpot(TM) 64-Bit Server VM (11.0.9+7-LTS) for windows-amd64 JRE (11.0.9+7-LTS), built on Sep 15 2020 16:47:03 by "mach5one" with MS VC++ 15.9 (VS2017)

END.
